35.0 APEX_CODE,DEBUG;APEX_PROFILING,INFO;CALLOUT,INFO;DB,INFO;SYSTEM,DEBUG;VALIDATION,INFO;VISUALFORCE,DEBUG;WORKFLOW,INFO
12:02:57.011 (11124846)|EXECUTION_STARTED
12:02:57.011 (11154217)|CODE_UNIT_STARTED|[EXTERNAL]|VisualForce View State
12:02:57.017 (17222482)|CODE_UNIT_FINISHED|VisualForce View State
12:02:57.019 (19245412)|EXECUTION_FINISHED
12:02:57.360 (360866603)|CUMULATIVE_LIMIT_USAGE
12:02:57.360 (360866603)|LIMIT_USAGE_FOR_NS|(default)|
  Number of SOQL queries: 0 out of 100
  Number of query rows: 0 out of 50000
  Number of SOSL queries: 0 out of 20
  Number of DML statements: 0 out of 150
  Number of DML rows: 0 out of 10000
  Maximum CPU time: 0 out of 10000
  Maximum heap size: 0 out of 6000000
  Number of callouts: 0 out of 100
  Number of Email Invocations: 0 out of 10
  Number of future calls: 0 out of 50
  Number of queueable jobs added to the queue: 0 out of 50
  Number of Mobile Apex push calls: 0 out of 10

12:02:57.360 (360866603)|CUMULATIVE_LIMIT_USAGE_END

